2025-11-06 07:30:47,600 - [INFO] - AppLogger.GHLIntegration - Sending data to GHL for booking: Jill Buchanan - Seasonal - 2025-11-07
2025-11-06 07:31:03,945 - [INFO] - AppLogger.GHLIntegration - Sending data to GHL for booking: Marie De Pablo - 062 - 2025-11-07
2025-11-06 07:31:18,343 - [INFO] - AppLogger.GHLIntegration - Sending data to GHL for booking: Debbie McCoy - 31 - 2025-11-07
2025-11-06 07:31:33,910 - [INFO] - AppLogger.GHLIntegration - Sending data to GHL for booking: Megan Gibbons - Cabin 5 - 2025-11-08
2025-11-06 07:31:47,105 - [INFO] - AppLogger.GHLIntegration - Sending data to GHL for booking: Amanda Ryan - 42 - 2025-11-07
2025-11-06 07:32:00,045 - [INFO] - AppLogger.GHLIntegration - Sending data to GHL for booking: Amy McGann - 051 - 2025-11-10
2025-11-06 07:32:14,020 - [INFO] - AppLogger.GHLIntegration - Sending data to GHL for booking: Annette Grayson - Bush 005 - 2025-11-07
2025-11-06 07:32:26,740 - [INFO] - AppLogger.GHLIntegration - Sending data to GHL for booking: Che-wei Hsu - Cabin 4 - 2025-11-07
2025-11-06 07:32:42,814 - [INFO] - AppLogger.GHLIntegration - Sending data to GHL for booking: Breanna Gillespie - Chalet 1 - 2025-11-07
2025-11-06 07:32:55,019 - [INFO] - AppLogger.GHLIntegration - Sending data to GHL for booking: Breanna Gillespie - 037 - 2025-11-07
2025-11-06 07:33:07,534 - [INFO] - AppLogger.GHLIntegration - Sending data to GHL for booking: Breana MacLure - Bush 002 - 2025-11-07
2025-11-06 07:33:20,518 - [INFO] - AppLogger.GHLIntegration - Sending data to GHL for booking: Alan Suley - 29 / 44 - 2025-11-07
2025-11-06 07:33:36,318 - [INFO] - AppLogger.GHLIntegration - Sending data to GHL for booking: Kelly Harman - 30 / 43 - 2025-11-07
2025-11-06 07:33:49,645 - [INFO] - AppLogger.GHLIntegration - Sending data to GHL for booking: Brian Hambrook - 35 / 38 - 2025-11-11
2025-11-06 07:34:05,320 - [INFO] - AppLogger.GHLIntegration - Sending data to GHL for booking: Melissa Reardon - 049 - 2025-11-07
2025-11-06 07:34:20,599 - [INFO] - AppLogger.GHLIntegration - Sending data to GHL for booking: Lisa White - 048 - 2025-11-07
2025-11-06 07:34:34,180 - [INFO] - AppLogger.GHLIntegration - Sending data to GHL for booking: Leah Symons - Chalet 1 - 2025-11-11
2025-11-06 07:34:47,127 - [INFO] - AppLogger.GHLIntegration - Sending data to GHL for booking: Jodie Maytom - Cabin 4 - 2025-11-09
2025-11-06 07:35:03,663 - [INFO] - AppLogger.GHLIntegration - Sending data to GHL for booking: Donna Roder - 051 - 2025-11-07
2025-11-06 07:35:17,122 - [INFO] - AppLogger.GHLIntegration - Sending data to GHL for booking: Donna Roder - 050 - 2025-11-07
2025-11-06 07:35:30,664 - [INFO] - AppLogger.GHLIntegration - Sending data to GHL for booking: Janette Wilkinson - 032 S - 2025-11-07
2025-11-06 07:35:43,743 - [INFO] - AppLogger.GHLIntegration - Sending data to GHL for booking: Peter Chiricosta - Ember No. 53 - 2025-11-08
2025-11-06 07:35:57,147 - [INFO] - AppLogger.GHLIntegration - Sending data to GHL for booking: Louise Hensley - Bush 004 - 2025-11-06
2025-11-06 07:36:11,696 - [INFO] - AppLogger.GHLIntegration - Sending data to GHL for booking: Freda Carr - 050 - 2025-11-05
2025-11-06 07:36:25,189 - [INFO] - AppLogger.GHLIntegration - Sending data to GHL for booking: John Taylor - Bush 002 - 2025-11-05
2025-11-06 07:36:40,171 - [INFO] - AppLogger.GHLIntegration - Sending data to GHL for booking: Brigitte Van Rooyen - Cabin 4 - 2025-11-04
2025-11-06 07:36:54,215 - [INFO] - AppLogger.GHLIntegration - Sending data to GHL for booking: Jason Condie - 062 - 2025-11-04
2025-11-06 07:37:06,309 - [INFO] - AppLogger.GHLIntegration - Sending data to GHL for booking: Thomas Chatal - 04 - 2025-10-27
2025-11-06 07:37:19,294 - [INFO] - AppLogger.GHLIntegration - Sending data to GHL for booking: Rob Duncan - 012 - 2024-04-24
2025-11-06 07:37:32,121 - [INFO] - AppLogger.GHLIntegration - Sending data to GHL for booking: David Richardson - 011 S - 2025-06-10
2025-11-06 07:37:47,736 - [INFO] - AppLogger.GHLIntegration - Sending data to GHL for booking: Aaron Harvey - 008 S - 2025-09-08
2025-11-06 07:38:05,395 - [INFO] - AppLogger.GHLIntegration - Sending data to GHL for booking: Lynette Bryant - 052 - 2025-11-02
2025-11-06 07:38:21,866 - [INFO] - AppLogger.GHLIntegration - Sending data to GHL for booking: Peter Chiricosta - Seasonal - 2025-09-13
